Traceback (most recent call last):
  File "c:\users\lingling-thinkpad\miniconda3\lib\site-packages\jupyter_cache\executors\utils.py", line 51, in single_nb_execution
    executenb(
  File "c:\users\lingling-thinkpad\miniconda3\lib\site-packages\nbclient\client.py", line 1112, in execute
    return NotebookClient(nb=nb, resources=resources, km=km, **kwargs).execute()
  File "c:\users\lingling-thinkpad\miniconda3\lib\site-packages\nbclient\util.py", line 74, in wrapped
    return just_run(coro(*args, **kwargs))
  File "c:\users\lingling-thinkpad\miniconda3\lib\site-packages\nbclient\util.py", line 53, in just_run
    return loop.run_until_complete(coro)
  File "c:\users\lingling-thinkpad\miniconda3\lib\asyncio\base_events.py", line 616, in run_until_complete
    return future.result()
  File "c:\users\lingling-thinkpad\miniconda3\lib\site-packages\nbclient\client.py", line 553, in async_execute
    await self.async_execute_cell(
  File "c:\users\lingling-thinkpad\miniconda3\lib\site-packages\nbclient\client.py", line 857, in async_execute_cell
    self._check_raise_for_error(cell, exec_reply)
  File "c:\users\lingling-thinkpad\miniconda3\lib\site-packages\nbclient\client.py", line 760, in _check_raise_for_error
    raise CellExecutionError.from_cell_and_msg(cell, exec_reply_content)
nbclient.exceptions.CellExecutionError: An error occurred while executing the following cell:
------------------
from sympy import Symbol

x, y = Symbol('x'), Symbol('y')  # Treat 'x' and 'y' as algebraic symbols
x + x + x + y
------------------

[1;31m---------------------------------------------------------------------------[0m
[1;31mModuleNotFoundError[0m                       Traceback (most recent call last)
[1;32mC:\Users\LINGLI~1\AppData\Local\Temp/ipykernel_19480/3770388203.py[0m in [0;36m<module>[1;34m[0m
[1;32m----> 1[1;33m [1;32mfrom[0m [0msympy[0m [1;32mimport[0m [0mSymbol[0m[1;33m[0m[1;33m[0m[0m
[0m[0;32m      2[0m [1;33m[0m[0m
[0;32m      3[0m [0mx[0m[1;33m,[0m [0my[0m [1;33m=[0m [0mSymbol[0m[1;33m([0m[1;34m'x'[0m[1;33m)[0m[1;33m,[0m [0mSymbol[0m[1;33m([0m[1;34m'y'[0m[1;33m)[0m  [1;31m# Treat 'x' and 'y' as algebraic symbols[0m[1;33m[0m[1;33m[0m[0m
[0;32m      4[0m [0mx[0m [1;33m+[0m [0mx[0m [1;33m+[0m [0mx[0m [1;33m+[0m [0my[0m[1;33m[0m[1;33m[0m[0m

[1;31mModuleNotFoundError[0m: No module named 'sympy'
ModuleNotFoundError: No module named 'sympy'

